<?xml version="1.0" encoding="UTF-8"?>
<testng-results skipped="2" failed="2" total="4" passed="0">
  <reporter-output>
  </reporter-output>
  <suite name="Suite1" duration-ms="25384" started-at="2017-06-28T06:02:54Z" finished-at="2017-06-28T06:03:19Z">
    <groups>
      <group name="Sanity">
        <method signature="MobileTestScriptCart_16709.verifyAllItemsRemovalFromCart_16709_Mobile()[pri:0, instance:TestCases.MobileTestScriptCart_16709@9a2ec9b]" name="verifyAllItemsRemovalFromCart_16709_Mobile" class="TestCases.MobileTestScriptCart_16709"/>
        <method signature="MobileTestScriptCart_16709.verifyItemRemovedFromCart_16709_Mobile()[pri:0, instance:TestCases.MobileTestScriptCart_16709@9a2ec9b]" name="verifyItemRemovedFromCart_16709_Mobile" class="TestCases.MobileTestScriptCart_16709"/>
      </group> <!-- Sanity -->
      <group name="Regression">
        <method signature="MobileTestScriptCart_16709.verifyActionsText_16709_Mobile()[pri:0, instance:TestCases.MobileTestScriptCart_16709@9a2ec9b]" name="verifyActionsText_16709_Mobile" class="TestCases.MobileTestScriptCart_16709"/>
        <method signature="MobileTestScriptCart_16709.verifyAllItemsRemovalFromCart_16709_Mobile()[pri:0, instance:TestCases.MobileTestScriptCart_16709@9a2ec9b]" name="verifyAllItemsRemovalFromCart_16709_Mobile" class="TestCases.MobileTestScriptCart_16709"/>
        <method signature="MobileTestScriptCart_16709.verifyBlankCoupanSubmit_16709_Mobile()[pri:0, instance:TestCases.MobileTestScriptCart_16709@9a2ec9b]" name="verifyBlankCoupanSubmit_16709_Mobile" class="TestCases.MobileTestScriptCart_16709"/>
        <method signature="MobileTestScriptCart_16709.verifyItemRemovedFromCart_16709_Mobile()[pri:0, instance:TestCases.MobileTestScriptCart_16709@9a2ec9b]" name="verifyItemRemovedFromCart_16709_Mobile" class="TestCases.MobileTestScriptCart_16709"/>
      </group> <!-- Regression -->
    </groups>
    <test name="Mobile_16709" duration-ms="25384" started-at="2017-06-28T06:02:54Z" finished-at="2017-06-28T06:03:19Z">
      <class name="TestCases.MobileTestScriptCart_16709">
        <test-method status="PASS" signature="initializeTestBaseSetup(java.lang.reflect.Method)[pri:0, instance:TestCases.MobileTestScriptCart_16709@9a2ec9b]" name="initializeTestBaseSetup" is-config="true" duration-ms="18071" started-at="2017-06-28T11:32:54Z" finished-at="2017-06-28T11:33:12Z">
          <params>
            <param index="0">
              <value>
                <![CDATA[public void TestCases.MobileTestScriptCart_16709.verifyActionsText_16709_Mobile() throws java.lang.InterruptedException]]>
              </value>
            </param>
          </params>
          <reporter-output>
          </reporter-output>
        </test-method> <!-- initializeTestBaseSetup -->
        <test-method status="FAIL" signature="verifyActionsText_16709_Mobile()[pri:0, instance:TestCases.MobileTestScriptCart_16709@9a2ec9b]" name="verifyActionsText_16709_Mobile" duration-ms="229" started-at="2017-06-28T11:33:12Z" finished-at="2017-06-28T11:33:12Z">
          <exception class="org.openqa.selenium.NoSuchElementException">
            <message>
              <![CDATA[no such element: Unable to locate element: {"method":"xpath","selector":"//div[@class='profile']/ul/li/a[contains(@href,'warenkorb')]"}
  (Session info: chrome=58.0.3029.83)
  (Driver info: chromedriver=2.25.426923 (0390b88869384d6eb0d5d09729679f934aab9eed),platform=Windows NT 10.0.14393 x86_64) (WARNING: The server did not provide any stacktrace information)
Command duration or timeout: 221 milliseconds
For documentation on this error, please visit: http://seleniumhq.org/exceptions/no_such_element.html
Build info: version: 'unknown', revision: 'unknown', time: 'unknown'
System info: host: 'WV652', ip: '192.168.56.1', os.name: 'Windows 10', os.arch: 'amd64', os.version: '10.0', java.version: '1.8.0_131'
Driver info: org.openqa.selenium.remote.RemoteWebDriver
Capabilities [{applicationCacheEnabled=false, rotatable=false, mobileEmulationEnabled=false, chrome={chromedriverVersion=2.25.426923 (0390b88869384d6eb0d5d09729679f934aab9eed)}, takesHeapSnapshot=true, pageLoadStrategy=normal, databaseEnabled=false, handlesAlerts=true, hasTouchScreen=true, version=58.0.3029.83, platform=ANDROID, browserConnectionEnabled=false, nativeEvents=true, acceptSslCerts=true, locationContextEnabled=true, webStorageEnabled=true, browserName=chrome, takesScreenshot=true, javascriptEnabled=true, cssSelectorsEnabled=true}]
Session ID: c270826dfca2dc676f4c50d574d96682
*** Element info: {Using=xpath, value=//div[@class='profile']/ul/li/a[contains(@href,'warenkorb')]}]]>
            </message>
            <full-stacktrace>
              <![CDATA[org.openqa.selenium.NoSuchElementException: no such element: Unable to locate element: {"method":"xpath","selector":"//div[@class='profile']/ul/li/a[contains(@href,'warenkorb')]"}
  (Session info: chrome=58.0.3029.83)
  (Driver info: chromedriver=2.25.426923 (0390b88869384d6eb0d5d09729679f934aab9eed),platform=Windows NT 10.0.14393 x86_64) (WARNING: The server did not provide any stacktrace information)
Command duration or timeout: 221 milliseconds
For documentation on this error, please visit: http://seleniumhq.org/exceptions/no_such_element.html
Build info: version: 'unknown', revision: 'unknown', time: 'unknown'
System info: host: 'WV652', ip: '192.168.56.1', os.name: 'Windows 10', os.arch: 'amd64', os.version: '10.0', java.version: '1.8.0_131'
Driver info: org.openqa.selenium.remote.RemoteWebDriver
Capabilities [{applicationCacheEnabled=false, rotatable=false, mobileEmulationEnabled=false, chrome={chromedriverVersion=2.25.426923 (0390b88869384d6eb0d5d09729679f934aab9eed)}, takesHeapSnapshot=true, pageLoadStrategy=normal, databaseEnabled=false, handlesAlerts=true, hasTouchScreen=true, version=58.0.3029.83, platform=ANDROID, browserConnectionEnabled=false, nativeEvents=true, acceptSslCerts=true, locationContextEnabled=true, webStorageEnabled=true, browserName=chrome, takesScreenshot=true, javascriptEnabled=true, cssSelectorsEnabled=true}]
Session ID: c270826dfca2dc676f4c50d574d96682
*** Element info: {Using=xpath, value=//div[@class='profile']/ul/li/a[contains(@href,'warenkorb')]}
	at sun.reflect.NativeConstructorAccessorImpl.newInstance0(Native Method)
	at sun.reflect.NativeConstructorAccessorImpl.newInstance(Unknown Source)
	at sun.reflect.DelegatingConstructorAccessorImpl.newInstance(Unknown Source)
	at java.lang.reflect.Constructor.newInstance(Unknown Source)
	at org.openqa.selenium.remote.ErrorHandler.createThrowable(ErrorHandler.java:215)
	at org.openqa.selenium.remote.ErrorHandler.throwIfResponseFailed(ErrorHandler.java:167)
	at org.openqa.selenium.remote.RemoteWebDriver.execute(RemoteWebDriver.java:671)
	at org.openqa.selenium.remote.RemoteWebDriver.findElement(RemoteWebDriver.java:410)
	at org.openqa.selenium.remote.RemoteWebDriver.findElementByXPath(RemoteWebDriver.java:509)
	at org.openqa.selenium.By$ByXPath.findElement(By.java:361)
	at org.openqa.selenium.remote.RemoteWebDriver.findElement(RemoteWebDriver.java:402)
	at Utility.UtilMobile.clickByXpath(UtilMobile.java:149)
	at TestCases.MobileTestScriptCart_16709.verifyActionsText_16709_Mobile(MobileTestScriptCart_16709.java:78)
	at sun.reflect.NativeMethodAccessorImpl.invoke0(Native Method)
	at sun.reflect.NativeMethodAccessorImpl.invoke(Unknown Source)
	at sun.reflect.DelegatingMethodAccessorImpl.invoke(Unknown Source)
	at java.lang.reflect.Method.invoke(Unknown Source)
	at org.testng.internal.MethodInvocationHelper.invokeMethod(MethodInvocationHelper.java:80)
	at org.testng.internal.Invoker.invokeMethod(Invoker.java:714)
	at org.testng.internal.Invoker.invokeTestMethod(Invoker.java:901)
	at org.testng.internal.Invoker.invokeTestMethods(Invoker.java:1231)
	at org.testng.internal.TestMethodWorker.invokeTestMethods(TestMethodWorker.java:127)
	at org.testng.internal.TestMethodWorker.run(TestMethodWorker.java:111)
	at org.testng.TestRunner.privateRun(TestRunner.java:767)
	at org.testng.TestRunner.run(TestRunner.java:617)
	at org.testng.SuiteRunner.runTest(SuiteRunner.java:334)
	at org.testng.SuiteRunner.access$000(SuiteRunner.java:37)
	at org.testng.SuiteRunner$SuiteWorker.run(SuiteRunner.java:368)
	at org.testng.internal.thread.ThreadUtil$2.call(ThreadUtil.java:64)
	at java.util.concurrent.FutureTask.run(Unknown Source)
	at java.util.concurrent.ThreadPoolExecutor.runWorker(Unknown Source)
	at java.util.concurrent.ThreadPoolExecutor$Worker.run(Unknown Source)
	at java.lang.Thread.run(Unknown Source)
]]>
            </full-stacktrace>
          </exception> <!-- org.openqa.selenium.NoSuchElementException -->
          <reporter-output>
          </reporter-output>
        </test-method> <!-- verifyActionsText_16709_Mobile -->
        <test-method status="PASS" signature="afterEachTestMethod(org.testng.ITestResult)[pri:0, instance:TestCases.MobileTestScriptCart_16709@9a2ec9b]" name="afterEachTestMethod" is-config="true" duration-ms="2715" started-at="2017-06-28T11:33:12Z" finished-at="2017-06-28T11:33:15Z">
          <params>
            <param index="0">
              <value>
                <![CDATA[[TestResult name=verifyActionsText_16709_Mobile status=FAILURE method=MobileTestScriptCart_16709.verifyActionsText_16709_Mobile()[pri:0, instance:TestCases.MobileTestScriptCart_16709@9a2ec9b] output={null}]]]>
              </value>
            </param>
          </params>
          <reporter-output>
          </reporter-output>
        </test-method> <!-- afterEachTestMethod -->
        <test-method status="PASS" signature="initializeTestBaseSetup(java.lang.reflect.Method)[pri:0, instance:TestCases.MobileTestScriptCart_16709@9a2ec9b]" name="initializeTestBaseSetup" is-config="true" duration-ms="4315" started-at="2017-06-28T11:33:15Z" finished-at="2017-06-28T11:33:19Z">
          <params>
            <param index="0">
              <value>
                <![CDATA[public void TestCases.MobileTestScriptCart_16709.verifyAllItemsRemovalFromCart_16709_Mobile()]]>
              </value>
            </param>
          </params>
          <reporter-output>
          </reporter-output>
        </test-method> <!-- initializeTestBaseSetup -->
        <test-method status="FAIL" signature="verifyAllItemsRemovalFromCart_16709_Mobile()[pri:0, instance:TestCases.MobileTestScriptCart_16709@9a2ec9b]" name="verifyAllItemsRemovalFromCart_16709_Mobile" duration-ms="8" started-at="2017-06-28T11:33:19Z" finished-at="2017-06-28T11:33:19Z">
          <exception class="org.openqa.selenium.NoSuchWindowException">
            <message>
              <![CDATA[no such window: target window already closed
from unknown error: web view not found
  (Session info: chrome=59.0.3071.115)
  (Driver info: chromedriver=2.29.461591 (62ebf098771772160f391d75e589dc567915b233),platform=Windows NT 10.0.14393 x86_64) (WARNING: The server did not provide any stacktrace information)
Command duration or timeout: 7 milliseconds
Build info: version: 'unknown', revision: 'unknown', time: 'unknown'
System info: host: 'WV652', ip: '192.168.56.1', os.name: 'Windows 10', os.arch: 'amd64', os.version: '10.0', java.version: '1.8.0_131'
Driver info: org.openqa.selenium.chrome.ChromeDriver
Capabilities [{applicationCacheEnabled=false, rotatable=false, mobileEmulationEnabled=true, networkConnectionEnabled=false, chrome={chromedriverVersion=2.29.461591 (62ebf098771772160f391d75e589dc567915b233), userDataDir=C:\Users\VIJAYK~1\AppData\Local\Temp\scoped_dir12800_387}, takesHeapSnapshot=true, pageLoadStrategy=normal, databaseEnabled=false, handlesAlerts=true, hasTouchScreen=true, version=59.0.3071.115, platform=XP, browserConnectionEnabled=false, nativeEvents=true, acceptSslCerts=true, locationContextEnabled=true, webStorageEnabled=true, browserName=chrome, takesScreenshot=true, javascriptEnabled=true, cssSelectorsEnabled=true, unexpectedAlertBehaviour=}]
Session ID: 9f1cfa38f58c96e85742bcd69b394ec5
*** Element info: {Using=xpath, value=//div[@class='profile']/ul/li/a[contains(@href,'warenkorb')]}]]>
            </message>
            <full-stacktrace>
              <![CDATA[org.openqa.selenium.NoSuchWindowException: no such window: target window already closed
from unknown error: web view not found
  (Session info: chrome=59.0.3071.115)
  (Driver info: chromedriver=2.29.461591 (62ebf098771772160f391d75e589dc567915b233),platform=Windows NT 10.0.14393 x86_64) (WARNING: The server did not provide any stacktrace information)
Command duration or timeout: 7 milliseconds
Build info: version: 'unknown', revision: 'unknown', time: 'unknown'
System info: host: 'WV652', ip: '192.168.56.1', os.name: 'Windows 10', os.arch: 'amd64', os.version: '10.0', java.version: '1.8.0_131'
Driver info: org.openqa.selenium.chrome.ChromeDriver
Capabilities [{applicationCacheEnabled=false, rotatable=false, mobileEmulationEnabled=true, networkConnectionEnabled=false, chrome={chromedriverVersion=2.29.461591 (62ebf098771772160f391d75e589dc567915b233), userDataDir=C:\Users\VIJAYK~1\AppData\Local\Temp\scoped_dir12800_387}, takesHeapSnapshot=true, pageLoadStrategy=normal, databaseEnabled=false, handlesAlerts=true, hasTouchScreen=true, version=59.0.3071.115, platform=XP, browserConnectionEnabled=false, nativeEvents=true, acceptSslCerts=true, locationContextEnabled=true, webStorageEnabled=true, browserName=chrome, takesScreenshot=true, javascriptEnabled=true, cssSelectorsEnabled=true, unexpectedAlertBehaviour=}]
Session ID: 9f1cfa38f58c96e85742bcd69b394ec5
*** Element info: {Using=xpath, value=//div[@class='profile']/ul/li/a[contains(@href,'warenkorb')]}
	at sun.reflect.NativeConstructorAccessorImpl.newInstance0(Native Method)
	at sun.reflect.NativeConstructorAccessorImpl.newInstance(Unknown Source)
	at sun.reflect.DelegatingConstructorAccessorImpl.newInstance(Unknown Source)
	at java.lang.reflect.Constructor.newInstance(Unknown Source)
	at org.openqa.selenium.remote.ErrorHandler.createThrowable(ErrorHandler.java:215)
	at org.openqa.selenium.remote.ErrorHandler.throwIfResponseFailed(ErrorHandler.java:167)
	at org.openqa.selenium.remote.RemoteWebDriver.execute(RemoteWebDriver.java:671)
	at org.openqa.selenium.remote.RemoteWebDriver.findElement(RemoteWebDriver.java:410)
	at org.openqa.selenium.remote.RemoteWebDriver.findElementByXPath(RemoteWebDriver.java:509)
	at org.openqa.selenium.By$ByXPath.findElement(By.java:361)
	at org.openqa.selenium.remote.RemoteWebDriver.findElement(RemoteWebDriver.java:402)
	at Utility.UtilMobile.clickByXpath(UtilMobile.java:149)
	at TestCases.MobileTestScriptCart_16709.verifyAllItemsRemovalFromCart_16709_Mobile(MobileTestScriptCart_16709.java:57)
	at sun.reflect.NativeMethodAccessorImpl.invoke0(Native Method)
	at sun.reflect.NativeMethodAccessorImpl.invoke(Unknown Source)
	at sun.reflect.DelegatingMethodAccessorImpl.invoke(Unknown Source)
	at java.lang.reflect.Method.invoke(Unknown Source)
	at org.testng.internal.MethodInvocationHelper.invokeMethod(MethodInvocationHelper.java:80)
	at org.testng.internal.Invoker.invokeMethod(Invoker.java:714)
	at org.testng.internal.Invoker.invokeTestMethod(Invoker.java:901)
	at org.testng.internal.Invoker.invokeTestMethods(Invoker.java:1231)
	at org.testng.internal.TestMethodWorker.invokeTestMethods(TestMethodWorker.java:127)
	at org.testng.internal.TestMethodWorker.run(TestMethodWorker.java:111)
	at org.testng.TestRunner.privateRun(TestRunner.java:767)
	at org.testng.TestRunner.run(TestRunner.java:617)
	at org.testng.SuiteRunner.runTest(SuiteRunner.java:334)
	at org.testng.SuiteRunner.access$000(SuiteRunner.java:37)
	at org.testng.SuiteRunner$SuiteWorker.run(SuiteRunner.java:368)
	at org.testng.internal.thread.ThreadUtil$2.call(ThreadUtil.java:64)
	at java.util.concurrent.FutureTask.run(Unknown Source)
	at java.util.concurrent.ThreadPoolExecutor.runWorker(Unknown Source)
	at java.util.concurrent.ThreadPoolExecutor$Worker.run(Unknown Source)
	at java.lang.Thread.run(Unknown Source)
]]>
            </full-stacktrace>
          </exception> <!-- org.openqa.selenium.NoSuchWindowException -->
          <reporter-output>
          </reporter-output>
        </test-method> <!-- verifyAllItemsRemovalFromCart_16709_Mobile -->
        <test-method status="FAIL" signature="afterEachTestMethod(org.testng.ITestResult)[pri:0, instance:TestCases.MobileTestScriptCart_16709@9a2ec9b]" name="afterEachTestMethod" is-config="true" duration-ms="0" started-at="2017-06-28T11:33:19Z" finished-at="2017-06-28T11:33:19Z">
          <params>
            <param index="0">
              <value>
                <![CDATA[[TestResult name=verifyAllItemsRemovalFromCart_16709_Mobile status=FAILURE method=MobileTestScriptCart_16709.verifyAllItemsRemovalFromCart_16709_Mobile()[pri:0, instance:TestCases.MobileTestScriptCart_16709@9a2ec9b] output={null}]]]>
              </value>
            </param>
          </params>
          <exception class="java.lang.NullPointerException">
            <full-stacktrace>
              <![CDATA[java.lang.NullPointerException
	at com.relevantcodes.extentreports.ExtentTest.isPathRelative(ExtentTest.java:491)
	at com.relevantcodes.extentreports.ExtentTest.addScreenCapture(ExtentTest.java:276)
	at Utility.Base.afterEachTestMethod(Base.java:169)
	at sun.reflect.NativeMethodAccessorImpl.invoke0(Native Method)
	at sun.reflect.NativeMethodAccessorImpl.invoke(Unknown Source)
	at sun.reflect.DelegatingMethodAccessorImpl.invoke(Unknown Source)
	at java.lang.reflect.Method.invoke(Unknown Source)
	at org.testng.internal.MethodInvocationHelper.invokeMethod(MethodInvocationHelper.java:80)
	at org.testng.internal.Invoker.invokeConfigurationMethod(Invoker.java:564)
	at org.testng.internal.Invoker.invokeConfigurations(Invoker.java:213)
	at org.testng.internal.Invoker.invokeMethod(Invoker.java:786)
	at org.testng.internal.Invoker.invokeTestMethod(Invoker.java:901)
	at org.testng.internal.Invoker.invokeTestMethods(Invoker.java:1231)
	at org.testng.internal.TestMethodWorker.invokeTestMethods(TestMethodWorker.java:127)
	at org.testng.internal.TestMethodWorker.run(TestMethodWorker.java:111)
	at org.testng.TestRunner.privateRun(TestRunner.java:767)
	at org.testng.TestRunner.run(TestRunner.java:617)
	at org.testng.SuiteRunner.runTest(SuiteRunner.java:334)
	at org.testng.SuiteRunner.access$000(SuiteRunner.java:37)
	at org.testng.SuiteRunner$SuiteWorker.run(SuiteRunner.java:368)
	at org.testng.internal.thread.ThreadUtil$2.call(ThreadUtil.java:64)
	at java.util.concurrent.FutureTask.run(Unknown Source)
	at java.util.concurrent.ThreadPoolExecutor.runWorker(Unknown Source)
	at java.util.concurrent.ThreadPoolExecutor$Worker.run(Unknown Source)
	at java.lang.Thread.run(Unknown Source)
]]>
            </full-stacktrace>
          </exception> <!-- java.lang.NullPointerException -->
          <reporter-output>
          </reporter-output>
        </test-method> <!-- afterEachTestMethod -->
        <test-method status="SKIP" signature="initializeTestBaseSetup(java.lang.reflect.Method)[pri:0, instance:TestCases.MobileTestScriptCart_16709@9a2ec9b]" name="initializeTestBaseSetup" is-config="true" duration-ms="0" started-at="2017-06-28T11:33:19Z" finished-at="2017-06-28T11:33:19Z">
          <reporter-output>
          </reporter-output>
        </test-method> <!-- initializeTestBaseSetup -->
        <test-method status="SKIP" signature="verifyBlankCoupanSubmit_16709_Mobile()[pri:0, instance:TestCases.MobileTestScriptCart_16709@9a2ec9b]" name="verifyBlankCoupanSubmit_16709_Mobile" duration-ms="0" started-at="2017-06-28T11:33:19Z" finished-at="2017-06-28T11:33:19Z">
          <reporter-output>
          </reporter-output>
        </test-method> <!-- verifyBlankCoupanSubmit_16709_Mobile -->
        <test-method status="SKIP" signature="afterEachTestMethod(org.testng.ITestResult)[pri:0, instance:TestCases.MobileTestScriptCart_16709@9a2ec9b]" name="afterEachTestMethod" is-config="true" duration-ms="0" started-at="2017-06-28T11:33:19Z" finished-at="2017-06-28T11:33:19Z">
          <reporter-output>
          </reporter-output>
        </test-method> <!-- afterEachTestMethod -->
        <test-method status="SKIP" signature="initializeTestBaseSetup(java.lang.reflect.Method)[pri:0, instance:TestCases.MobileTestScriptCart_16709@9a2ec9b]" name="initializeTestBaseSetup" is-config="true" duration-ms="0" started-at="2017-06-28T11:33:19Z" finished-at="2017-06-28T11:33:19Z">
          <reporter-output>
          </reporter-output>
        </test-method> <!-- initializeTestBaseSetup -->
        <test-method status="SKIP" signature="verifyItemRemovedFromCart_16709_Mobile()[pri:0, instance:TestCases.MobileTestScriptCart_16709@9a2ec9b]" name="verifyItemRemovedFromCart_16709_Mobile" duration-ms="0" started-at="2017-06-28T11:33:19Z" finished-at="2017-06-28T11:33:19Z">
          <reporter-output>
          </reporter-output>
        </test-method> <!-- verifyItemRemovedFromCart_16709_Mobile -->
        <test-method status="SKIP" signature="afterEachTestMethod(org.testng.ITestResult)[pri:0, instance:TestCases.MobileTestScriptCart_16709@9a2ec9b]" name="afterEachTestMethod" is-config="true" duration-ms="0" started-at="2017-06-28T11:33:19Z" finished-at="2017-06-28T11:33:19Z">
          <reporter-output>
          </reporter-output>
        </test-method> <!-- afterEachTestMethod -->
      </class> <!-- TestCases.MobileTestScriptCart_16709 -->
      <class name="Utility.Base">
        <test-method status="PASS" signature="extentSetup(org.testng.ITestContext)[pri:0, instance:Utility.Base@7fc645e4]" name="extentSetup" is-config="true" duration-ms="403" started-at="2017-06-28T11:32:53Z" finished-at="2017-06-28T11:32:54Z">
          <params>
            <param index="0">
              <value>
                <![CDATA[org.testng.TestRunner@b2f4ece]]>
              </value>
            </param>
          </params>
          <reporter-output>
          </reporter-output>
        </test-method> <!-- extentSetup -->
        <test-method status="SKIP" signature="generateReport()[pri:0, instance:Utility.Base@7fc645e4]" name="generateReport" is-config="true" duration-ms="0" started-at="2017-06-28T11:33:19Z" finished-at="2017-06-28T11:33:19Z">
          <reporter-output>
          </reporter-output>
        </test-method> <!-- generateReport -->
      </class> <!-- Utility.Base -->
    </test> <!-- Mobile_16709 -->
  </suite> <!-- Suite1 -->
</testng-results>
